2021-08-29 10:46:50,040 [INFO] Activator:177 - 


2021-08-29 10:46:50,041 [INFO] Activator:178 - !SESSION log4j initialized
2021-08-29 10:46:51,376 [ERROR] LogOutputStream:74 - [STDERR_REDIRECT] SLF4J: Failed to load class "org.slf4j.impl.StaticLoggerBinder".
2021-08-29 10:46:51,378 [ERROR] LogOutputStream:74 - [STDERR_REDIRECT] SLF4J: Defaulting to no-operation (NOP) logger implementation
2021-08-29 10:46:51,379 [ERROR] LogOutputStream:74 - [STDERR_REDIRECT] SLF4J: See http://www.slf4j.org/codes.html#StaticLoggerBinder for further details.
2021-08-29 10:46:52,879 [ERROR] LogOutputStream:74 - [STDERR_REDIRECT] Aug 29, 2021 10:46:52 AM org.glassfish.grizzly.http.server.NetworkListener start
2021-08-29 10:46:52,880 [ERROR] LogOutputStream:74 - [STDERR_REDIRECT] INFO: Started listener bound to [localhost:1596]
2021-08-29 10:46:52,880 [ERROR] LogOutputStream:74 - [STDERR_REDIRECT] 
2021-08-29 10:46:52,881 [ERROR] LogOutputStream:74 - [STDERR_REDIRECT] Aug 29, 2021 10:46:52 AM org.glassfish.grizzly.http.server.HttpServer start
2021-08-29 10:46:52,881 [ERROR] LogOutputStream:74 - [STDERR_REDIRECT] INFO: [HttpServer] Started.
2021-08-29 10:46:52,882 [ERROR] LogOutputStream:74 - [STDERR_REDIRECT] 
2021-08-29 10:47:50,586 [ERROR] LogOutputStream:74 - [STDERR_REDIRECT] 
2021-08-29 11:18:43,871 [INFO] Activator:177 - 


2021-08-29 11:18:43,872 [INFO] Activator:178 - !SESSION log4j initialized
2021-08-29 11:18:45,373 [ERROR] LogOutputStream:74 - [STDERR_REDIRECT] SLF4J: Failed to load class "org.slf4j.impl.StaticLoggerBinder".
2021-08-29 11:18:45,375 [ERROR] LogOutputStream:74 - [STDERR_REDIRECT] SLF4J: Defaulting to no-operation (NOP) logger implementation
2021-08-29 11:18:45,376 [ERROR] LogOutputStream:74 - [STDERR_REDIRECT] SLF4J: See http://www.slf4j.org/codes.html#StaticLoggerBinder for further details.
2021-08-29 11:18:47,285 [ERROR] LogOutputStream:74 - [STDERR_REDIRECT] Aug 29, 2021 11:18:47 AM org.glassfish.grizzly.http.server.NetworkListener start
2021-08-29 11:18:47,286 [ERROR] LogOutputStream:74 - [STDERR_REDIRECT] INFO: Started listener bound to [localhost:1593]
2021-08-29 11:18:47,286 [ERROR] LogOutputStream:74 - [STDERR_REDIRECT] 
2021-08-29 11:18:47,287 [ERROR] LogOutputStream:74 - [STDERR_REDIRECT] Aug 29, 2021 11:18:47 AM org.glassfish.grizzly.http.server.HttpServer start
2021-08-29 11:18:47,288 [ERROR] LogOutputStream:74 - [STDERR_REDIRECT] INFO: [HttpServer] Started.
2021-08-29 11:18:47,288 [ERROR] LogOutputStream:74 - [STDERR_REDIRECT] 
2021-08-29 11:18:57,678 [ERROR] LogOutputStream:74 - [STDERR_REDIRECT] 
2021-08-29 11:19:02,465 [INFO] Activator:177 - 


2021-08-29 11:19:02,466 [INFO] Activator:178 - !SESSION log4j initialized
2021-08-29 11:19:04,308 [ERROR] LogOutputStream:74 - [STDERR_REDIRECT] SLF4J: Failed to load class "org.slf4j.impl.StaticLoggerBinder".
2021-08-29 11:19:04,310 [ERROR] LogOutputStream:74 - [STDERR_REDIRECT] SLF4J: Defaulting to no-operation (NOP) logger implementation
2021-08-29 11:19:04,311 [ERROR] LogOutputStream:74 - [STDERR_REDIRECT] SLF4J: See http://www.slf4j.org/codes.html#StaticLoggerBinder for further details.
2021-08-29 11:19:05,676 [ERROR] LogOutputStream:74 - [STDERR_REDIRECT] Aug 29, 2021 11:19:05 AM org.glassfish.grizzly.http.server.NetworkListener start
2021-08-29 11:19:05,677 [ERROR] LogOutputStream:74 - [STDERR_REDIRECT] INFO: Started listener bound to [localhost:1593]
2021-08-29 11:19:05,677 [ERROR] LogOutputStream:74 - [STDERR_REDIRECT] 
2021-08-29 11:19:05,678 [ERROR] LogOutputStream:74 - [STDERR_REDIRECT] Aug 29, 2021 11:19:05 AM org.glassfish.grizzly.http.server.HttpServer start
2021-08-29 11:19:05,679 [ERROR] LogOutputStream:74 - [STDERR_REDIRECT] INFO: [HttpServer] Started.
2021-08-29 11:19:05,679 [ERROR] LogOutputStream:74 - [STDERR_REDIRECT] 
2021-08-29 11:19:23,711 [ERROR] LogOutputStream:74 - [STDERR_REDIRECT] 
2021-08-29 11:23:09,796 [INFO] Activator:177 - 


2021-08-29 11:23:09,797 [INFO] Activator:178 - !SESSION log4j initialized
2021-08-29 11:23:11,174 [ERROR] LogOutputStream:74 - [STDERR_REDIRECT] SLF4J: Failed to load class "org.slf4j.impl.StaticLoggerBinder".
2021-08-29 11:23:11,176 [ERROR] LogOutputStream:74 - [STDERR_REDIRECT] SLF4J: Defaulting to no-operation (NOP) logger implementation
2021-08-29 11:23:11,177 [ERROR] LogOutputStream:74 - [STDERR_REDIRECT] SLF4J: See http://www.slf4j.org/codes.html#StaticLoggerBinder for further details.
2021-08-29 11:23:12,560 [ERROR] LogOutputStream:74 - [STDERR_REDIRECT] Aug 29, 2021 11:23:12 AM org.glassfish.grizzly.http.server.NetworkListener start
2021-08-29 11:23:12,560 [ERROR] LogOutputStream:74 - [STDERR_REDIRECT] INFO: Started listener bound to [localhost:1593]
2021-08-29 11:23:12,561 [ERROR] LogOutputStream:74 - [STDERR_REDIRECT] 
2021-08-29 11:23:12,561 [ERROR] LogOutputStream:74 - [STDERR_REDIRECT] Aug 29, 2021 11:23:12 AM org.glassfish.grizzly.http.server.HttpServer start
2021-08-29 11:23:12,562 [ERROR] LogOutputStream:74 - [STDERR_REDIRECT] INFO: [HttpServer] Started.
2021-08-29 11:23:12,562 [ERROR] LogOutputStream:74 - [STDERR_REDIRECT] 
2021-08-29 11:23:20,713 [ERROR] LogOutputStream:74 - [STDERR_REDIRECT] 
2021-08-29 11:24:16,879 [INFO] Activator:177 - 


2021-08-29 11:24:16,880 [INFO] Activator:178 - !SESSION log4j initialized
2021-08-29 11:24:18,687 [ERROR] LogOutputStream:74 - [STDERR_REDIRECT] SLF4J: Failed to load class "org.slf4j.impl.StaticLoggerBinder".
2021-08-29 11:24:18,689 [ERROR] LogOutputStream:74 - [STDERR_REDIRECT] SLF4J: Defaulting to no-operation (NOP) logger implementation
2021-08-29 11:24:18,690 [ERROR] LogOutputStream:74 - [STDERR_REDIRECT] SLF4J: See http://www.slf4j.org/codes.html#StaticLoggerBinder for further details.
2021-08-29 11:24:20,166 [ERROR] LogOutputStream:74 - [STDERR_REDIRECT] Aug 29, 2021 11:24:20 AM org.glassfish.grizzly.http.server.NetworkListener start
2021-08-29 11:24:20,167 [ERROR] LogOutputStream:74 - [STDERR_REDIRECT] INFO: Started listener bound to [localhost:1593]
2021-08-29 11:24:20,167 [ERROR] LogOutputStream:74 - [STDERR_REDIRECT] 
2021-08-29 11:24:20,168 [ERROR] LogOutputStream:74 - [STDERR_REDIRECT] Aug 29, 2021 11:24:20 AM org.glassfish.grizzly.http.server.HttpServer start
2021-08-29 11:24:20,168 [ERROR] LogOutputStream:74 - [STDERR_REDIRECT] INFO: [HttpServer] Started.
2021-08-29 11:24:20,168 [ERROR] LogOutputStream:74 - [STDERR_REDIRECT] 
